app/build/app/outputs/mapping/release/mapping.txt
# compiler: R8
# compiler_version: 1.5.64
# min_api: 19
# pg_map_id: bf7e572
...
com.google.firebase.remoteconfig.FirebaseRemoteConfigSettings$1 -> com.google.firebase.remoteconfig.k$a:
com.google.firebase.remoteconfig.FirebaseRemoteConfigSettings$Builder -> com.google.firebase.remoteconfig.k$b:
    long fetchTimeoutInSeconds -> b
    long minimumFetchInterval -> c
    boolean enableDeveloperMode -> a
    boolean access$000(com.google.firebase.remoteconfig.FirebaseRemoteConfigSettings$Builder) -> a
    com.google.firebase.remoteconfig.FirebaseRemoteConfigSettings build() -> a
    com.google.firebase.remoteconfig.FirebaseRemoteConfigSettings$Builder setDeveloperModeEnabled(boolean) -> a
    com.google.firebase.remoteconfig.FirebaseRemoteConfigSettings$Builder setFetchTimeoutInSeconds(long) -> a
    long access$100(com.google.firebase.remoteconfig.FirebaseRemoteConfigSettings$Builder) -> b
    com.google.firebase.remoteconfig.FirebaseRemoteConfigSettings$Builder setMinimumFetchIntervalInSeconds(long) -> b
    long access$200(com.google.firebase.remoteconfig.FirebaseRemoteConfigSettings$Builder) -> c
com.google.firebase.remoteconfig.FirebaseRemoteConfigValue -> com.google.firebase.remoteconfig.l:
    byte[] asByteArray() -> a
    int getSource() -> b
com.google.firebase.remoteconfig.RemoteConfigComponent -> com.google.firebase.remoteconfig.o:
    java.util.Map frcNamespaceInstances -> a
    java.util.Random DEFAULT_RANDOM -> k
    com.google.firebase.abt.FirebaseABTesting firebaseAbt -> f
    android.content.Context context -> b
    com.google.firebase.FirebaseApp firebaseApp -> d
    java.lang.String appId -> h
    java.util.Map customHeaders -> i
    com.google.firebase.installations.FirebaseInstallationsApi firebaseInstallations -> e
    java.util.concurrent.ExecutorService executorService -> c
    com.google.android.gms.common.util.Clock DEFAULT_CLOCK -> j
    com.google.firebase.analytics.connector.AnalyticsConnector analyticsConnector -> g
    com.google.firebase.remoteconfig.FirebaseRemoteConfig get(com.google.firebase.FirebaseApp,java.lang.String,com.google.firebase.installations.FirebaseInstallationsApi,com.google.firebase.abt.FirebaseABTesting,java.util.concurrent.Executor,com.google.firebase.remoteconfig.internal.ConfigCacheClient,com.google.firebase.remoteconfig.internal.ConfigCacheClient,com.google.firebase.remoteconfig.internal.ConfigCacheClient,com.google.firebase.remoteconfig.internal.ConfigFetchHandler,com.google.firebase.remoteconfig.internal.ConfigGetParameterHandler,com.google.firebase.remoteconfig.internal.ConfigMetadataClient) -> a
    com.google.firebase.remoteconfig.FirebaseRemoteConfig get(java.lang.String) -> a
com.google.firebase.remoteconfig.RemoteConfigComponent$$Lambda$1 -> com.google.firebase.remoteconfig.m:
    com.google.firebase.remoteconfig.RemoteConfigComponent arg$1 -> a
    java.util.concurrent.Callable lambdaFactory$(com.google.firebase.remoteconfig.RemoteConfigComponent) -> a
com.google.firebase.remoteconfig.RemoteConfigComponent$$Lambda$4 -> com.google.firebase.remoteconfig.n:
    com.google.firebase.remoteconfig.internal.LegacyConfigsHandler arg$1 -> a
    java.util.concurrent.Callable lambdaFactory$(com.google.firebase.remoteconfig.internal.LegacyConfigsHandler) -> a
com.google.firebase.remoteconfig.RemoteConfigRegistrar$$Lambda$1 -> com.google.firebase.remoteconfig.p:
    com.google.firebase.remoteconfig.RemoteConfigRegistrar$$Lambda$1 instance -> a
    java.lang.Object create(com.google.firebase.components.ComponentContainer) -> a
    com.google.firebase.components.ComponentFactory lambdaFactory$() -> a